c:\users\atwle\desktop\c++\progetto_walter_ester_pog\x64\debug\vc143.pdb
c:\users\atwle\desktop\c++\progetto_walter_ester_pog\x64\debug\vc143.idb
c:\users\atwle\desktop\c++\progetto_walter_ester_pog\x64\debug\glad.obj
c:\users\atwle\desktop\c++\progetto_walter_ester_pog\x64\debug\vec4f.obj
c:\users\atwle\desktop\c++\progetto_walter_ester_pog\x64\debug\vec3f.obj
c:\users\atwle\desktop\c++\progetto_walter_ester_pog\x64\debug\quaternion.obj
c:\users\atwle\desktop\c++\progetto_walter_ester_pog\x64\debug\progetto_walter_ester_pog.obj
c:\users\atwle\desktop\c++\progetto_walter_ester_pog\x64\debug\mat4f.obj
c:\users\atwle\desktop\c++\progetto_walter_ester_pog\x64\debug\progetto_walter_ester_pog.exe
c:\users\atwle\desktop\c++\progetto_walter_ester_pog\x64\debug\progetto_walter_ester_pog.ilk
c:\users\atwle\desktop\c++\progetto_walter_ester_pog\x64\debug\progetto_walter_ester_pog.pdb
c:\users\atwle\documents\github\progetto_walter_ester_pog\progetto_walter_ester_pog\x64\debug\glad.obj
c:\users\atwle\documents\github\progetto_walter_ester_pog\progetto_walter_ester_pog\x64\debug\mat4f.obj
c:\users\atwle\documents\github\progetto_walter_ester_pog\progetto_walter_ester_pog\x64\debug\progetto_walter_ester_pog.obj
c:\users\atwle\documents\github\progetto_walter_ester_pog\progetto_walter_ester_pog\x64\debug\quaternion.obj
c:\users\atwle\documents\github\progetto_walter_ester_pog\progetto_walter_ester_pog\x64\debug\vec3f.obj
c:\users\atwle\documents\github\progetto_walter_ester_pog\progetto_walter_ester_pog\x64\debug\vec4f.obj
c:\users\atwle\documents\github\progetto_walter_ester_pog\progetto_walter_ester_pog\x64\debug\progetto_walter_ester_pog.ilk
c:\users\atwle\documents\github\progetto_walter_ester_pog\progetto_walter_ester_pog\x64\debug\vc143.idb
c:\users\atwle\documents\github\progetto_walter_ester_pog\progetto_walter_ester_pog\x64\debug\progetto_walter_ester_pog.pdb
c:\users\atwle\documents\github\progetto_walter_ester_pog\progetto_walter_ester_pog\x64\debug\vc143.pdb
c:\users\atwle\documents\github\progetto_walter_ester_pog\progetto_walter_ester_pog\x64\debug\progetto_walter_ester_pog.exe
c:\users\atwle\documents\github\progetto_walter_ester_pog\progetto_walter_ester_pog\x64\debug\progetto.6f39c8a2.tlog\cl.command.1.tlog
c:\users\atwle\documents\github\progetto_walter_ester_pog\progetto_walter_ester_pog\x64\debug\progetto.6f39c8a2.tlog\cl.items.tlog
c:\users\atwle\documents\github\progetto_walter_ester_pog\progetto_walter_ester_pog\x64\debug\progetto.6f39c8a2.tlog\cl.read.1.tlog
c:\users\atwle\documents\github\progetto_walter_ester_pog\progetto_walter_ester_pog\x64\debug\progetto.6f39c8a2.tlog\cl.write.1.tlog
c:\users\atwle\documents\github\progetto_walter_ester_pog\progetto_walter_ester_pog\x64\debug\progetto.6f39c8a2.tlog\link.command.1.tlog
c:\users\atwle\documents\github\progetto_walter_ester_pog\progetto_walter_ester_pog\x64\debug\progetto.6f39c8a2.tlog\link.read.1.tlog
c:\users\atwle\documents\github\progetto_walter_ester_pog\progetto_walter_ester_pog\x64\debug\progetto.6f39c8a2.tlog\link.write.1.tlog
